
Showing logs for build [32mcb-kubecd-environment-pr-5492-3-xph5m-1[0m stage [32mmeta-pipeline[0m and container [32mstep-credential-initializer-hdv6d[0m
{"level":"warn","ts":1568546872.797478,"logger":"fallback-logger","caller":"logging/config.go:69","msg":"Fetch GitHub commit ID from kodata failed: \"ref: refs/heads/master\" is not a valid GitHub commit ID"}
{"level":"info","ts":1568546872.8452244,"logger":"fallback-logger","caller":"creds-init/main.go:40","msg":"Credentials initialized."}

Showing logs for build [32mcb-kubecd-environment-pr-5492-3-xph5m-1[0m stage [32mmeta-pipeline[0m and container [32mstep-working-dir-initializer-2zhz8[0m
{"level":"warn","ts":1568546873.751312,"logger":"fallback-logger","caller":"logging/config.go:69","msg":"Fetch GitHub commit ID from kodata failed: open /var/run/ko/HEAD: no such file or directory"}
{"level":"info","ts":1568546873.7531068,"logger":"fallback-logger","caller":"bash/main.go:65","msg":"Successfully executed command \"mkdir -p /workspace/source\""}

Showing logs for build [32mcb-kubecd-environment-pr-5492-3-xph5m-1[0m stage [32mmeta-pipeline[0m and container [32mstep-place-tools[0m

Showing logs for build [32mcb-kubecd-environment-pr-5492-3-xph5m-1[0m stage [32mmeta-pipeline[0m and container [32mstep-git-source-meta-cb-kubecd-environment-pr-5-6x9xd[0m
{"level":"warn","ts":1568546879.8811727,"logger":"fallback-logger","caller":"logging/config.go:69","msg":"Fetch GitHub commit ID from kodata failed: \"ref: refs/heads/master\" is not a valid GitHub commit ID"}
{"level":"info","ts":1568546880.9637723,"logger":"fallback-logger","caller":"git/git.go:102","msg":"Successfully cloned https://github.com/cb-kubecd/environment-pr-5492-3-tekton-gkebdd-staging.git @ 3e80b7ed22672d78385d7c2ee47465b46ab4ecb7 in path /workspace/source"}

Showing logs for build [32mcb-kubecd-environment-pr-5492-3-xph5m-1[0m stage [32mmeta-pipeline[0m and container [32mstep-git-merge[0m
Using SHAs from PULL_REFS=master:3e80b7ed22672d78385d7c2ee47465b46ab4ecb7,4:49e17620d0e555bef747aaaf260b1a9183f14def
DEBUG: ran git fetch --unshallow origin 49e17620d0e555bef747aaaf260b1a9183f14def: 3e80b7ed22672d78385d7c2ee47465b46ab4ecb7: in 
DEBUG: ran git checkout master in 
DEBUG: ran git reset --hard 3e80b7ed22672d78385d7c2ee47465b46ab4ecb7 in 
DEBUG: ran clean --force -d . in 
DEBUG: ran git merge 49e17620d0e555bef747aaaf260b1a9183f14def in 
Merged SHA 49e17620d0e555bef747aaaf260b1a9183f14def with commit message 'chore: Promote bdd-ghf**y-import-1568546767 to version 0.0.1' into base branch master

Showing logs for build [32mcb-kubecd-environment-pr-5492-3-xph5m-1[0m stage [32mmeta-pipeline[0m and container [32mstep-merge-pull-refs[0m
DEBUG: ran git fetch origin 49e17620d0e555bef747aaaf260b1a9183f14def: 3e80b7ed22672d78385d7c2ee47465b46ab4ecb7: in 
DEBUG: Unshallowed git repo in 
DEBUG: ran git checkout master in 
DEBUG: ran git reset --hard 3e80b7ed22672d78385d7c2ee47465b46ab4ecb7 in 
DEBUG: ran clean --force -d . in 
DEBUG: ran git merge 49e17620d0e555bef747aaaf260b1a9183f14def in 
Merged SHA 49e17620d0e555bef747aaaf260b1a9183f14def with commit message 'chore: Promote bdd-ghf**y-import-1568546767 to version 0.0.1' into base branch master

Showing logs for build [32mcb-kubecd-environment-pr-5492-3-xph5m-1[0m stage [32mmeta-pipeline[0m and container [32mstep-create-effective-pipeline[0m
Deleting and cloning the Jenkins X versions repo
Cloning the Jenkins X versions repo https://github.com/jenkins-x/jenkins-x-versions.git with ref refs/heads/master to /builder/home/.**/jenkins-x-versions
selected pack: /builder/home/.**/draft/packs/github.com/jenkins-x-buildpacks/jenkins-x-kubernetes/packs/environment
Effective pipeline written to jenkins-x-promotion-build-effective.yml

Showing logs for build [32mcb-kubecd-environment-pr-5492-3-xph5m-1[0m stage [32mmeta-pipeline[0m and container [32mstep-create-tekton-crds[0m
PipelineActivity for cb-kubecd-environment-pr-5492-3-tekton-gkebdd-staging-PR-4-1
Applying changes 
upserted PipelineResource cb-kubecd-environment-pr-5492-3 for the git repository https://github.com/cb-kubecd/environment-pr-5492-3-tekton-gkebdd-staging.git
upserted Task cb-kubecd-environment-pr-5492-3-xph5m-from-build-pack-1
upserted Pipeline cb-kubecd-environment-pr-5492-3-xph5m-1
created PipelineRun cb-kubecd-environment-pr-5492-3-xph5m-1
created PipelineStructure cb-kubecd-environment-pr-5492-3-xph5m-1

Showing logs for build [32mcb-kubecd-environment-pr-5492-3-xph5m-1[0m stage [32mfrom-build-pack[0m and container [32mstep-credential-initializer-bjz5q[0m
{"level":"warn","ts":1568546893.379928,"logger":"fallback-logger","caller":"logging/config.go:69","msg":"Fetch GitHub commit ID from kodata failed: \"ref: refs/heads/master\" is not a valid GitHub commit ID"}
{"level":"info","ts":1568546893.3805773,"logger":"fallback-logger","caller":"creds-init/main.go:40","msg":"Credentials initialized."}

Showing logs for build [32mcb-kubecd-environment-pr-5492-3-xph5m-1[0m stage [32mfrom-build-pack[0m and container [32mstep-working-dir-initializer-mt97d[0m
{"level":"warn","ts":1568546894.5074532,"logger":"fallback-logger","caller":"logging/config.go:69","msg":"Fetch GitHub commit ID from kodata failed: open /var/run/ko/HEAD: no such file or directory"}
{"level":"info","ts":1568546894.5091136,"logger":"fallback-logger","caller":"bash/main.go:65","msg":"Successfully executed command \"mkdir -p /workspace/source /workspace/source/env\""}

Showing logs for build [32mcb-kubecd-environment-pr-5492-3-xph5m-1[0m stage [32mfrom-build-pack[0m and container [32mstep-place-tools[0m

Showing logs for build [32mcb-kubecd-environment-pr-5492-3-xph5m-1[0m stage [32mfrom-build-pack[0m and container [32mstep-git-source-cb-kubecd-environment-pr-5492-3-plpgj[0m
{"level":"warn","ts":1568546898.6310284,"logger":"fallback-logger","caller":"logging/config.go:69","msg":"Fetch GitHub commit ID from kodata failed: \"ref: refs/heads/master\" is not a valid GitHub commit ID"}
{"level":"info","ts":1568546899.6863694,"logger":"fallback-logger","caller":"git/git.go:102","msg":"Successfully cloned https://github.com/cb-kubecd/environment-pr-5492-3-tekton-gkebdd-staging.git @ master in path /workspace/source"}

Showing logs for build [32mcb-kubecd-environment-pr-5492-3-xph5m-1[0m stage [32mfrom-build-pack[0m and container [32mstep-git-merge[0m
Using SHAs from PULL_REFS=master:3e80b7ed22672d78385d7c2ee47465b46ab4ecb7,4:49e17620d0e555bef747aaaf260b1a9183f14def
DEBUG: ran git fetch --unshallow origin 49e17620d0e555bef747aaaf260b1a9183f14def: 3e80b7ed22672d78385d7c2ee47465b46ab4ecb7: in 
DEBUG: ran git checkout master in 
DEBUG: ran git reset --hard 3e80b7ed22672d78385d7c2ee47465b46ab4ecb7 in 
DEBUG: ran clean --force -d . in 
DEBUG: ran git merge 49e17620d0e555bef747aaaf260b1a9183f14def in 
Merged SHA 49e17620d0e555bef747aaaf260b1a9183f14def with commit message 'chore: Promote bdd-ghf**y-import-1568546767 to version 0.0.1' into base branch master

Showing logs for build [32mcb-kubecd-environment-pr-5492-3-xph5m-1[0m stage [32mfrom-build-pack[0m and container [32mstep-build-helm-build[0m
WARNING: No $CHART_REPOSITORY defined so using the default value of: http://jenkins-x-chartmuseum:8080
Adding missing Helm repo: storage.googleapis.com https://storage.googleapis.com/chartmuseum.jenkins-x.io
Successfully added Helm repository storage.googleapis.com.
Adding missing Helm repo: jenkins-x-chartmuseum http://jenkins-x-chartmuseum:8080
Successfully added Helm repository jenkins-x-chartmuseum.
WARNING: No $CHART_REPOSITORY defined so using the default value of: http://jenkins-x-chartmuseum:8080
Adding missing Helm repo: chartmuseum.jenkins-x.io http://chartmuseum.jenkins-x.io
Successfully added Helm repository chartmuseum.jenkins-x.io.
