
Showing logs for build [32mcb-kubecd-environment-pr-5492-3-1[0m stage [32mmeta-pipeline[0m and container [32mstep-credential-initializer-jr6g2[0m
{"level":"warn","ts":1568545107.3869276,"logger":"fallback-logger","caller":"logging/config.go:69","msg":"Fetch GitHub commit ID from kodata failed: \"ref: refs/heads/master\" is not a valid GitHub commit ID"}
{"level":"info","ts":1568545107.3878706,"logger":"fallback-logger","caller":"creds-init/main.go:40","msg":"Credentials initialized."}

Showing logs for build [32mcb-kubecd-environment-pr-5492-3-1[0m stage [32mmeta-pipeline[0m and container [32mstep-working-dir-initializer-qnsz6[0m
{"level":"warn","ts":1568545108.348495,"logger":"fallback-logger","caller":"logging/config.go:69","msg":"Fetch GitHub commit ID from kodata failed: open /var/run/ko/HEAD: no such file or directory"}
{"level":"info","ts":1568545108.3497512,"logger":"fallback-logger","caller":"bash/main.go:65","msg":"Successfully executed command \"mkdir -p /workspace/source\""}

Showing logs for build [32mcb-kubecd-environment-pr-5492-3-1[0m stage [32mmeta-pipeline[0m and container [32mstep-place-tools[0m

Showing logs for build [32mcb-kubecd-environment-pr-5492-3-1[0m stage [32mmeta-pipeline[0m and container [32mstep-git-source-meta-cb-kubecd-environment-pr-5-znvnk[0m
{"level":"warn","ts":1568545114.3880832,"logger":"fallback-logger","caller":"logging/config.go:69","msg":"Fetch GitHub commit ID from kodata failed: \"ref: refs/heads/master\" is not a valid GitHub commit ID"}
{"level":"info","ts":1568545115.4334006,"logger":"fallback-logger","caller":"git/git.go:102","msg":"Successfully cloned https://github.com/cb-kubecd/environment-pr-5492-3-tekton-gkebdd-staging.git @ ddbbc637f244678f85a3f74fa809ca98c7f37d8f in path /workspace/source"}

Showing logs for build [32mcb-kubecd-environment-pr-5492-3-1[0m stage [32mmeta-pipeline[0m and container [32mstep-git-merge[0m
Using SHAs from PULL_REFS=master:ddbbc637f244678f85a3f74fa809ca98c7f37d8f,1:750c10daaca9b4a7c980fbb680e5771a0253cde8
DEBUG: ran git fetch --unshallow origin 750c10daaca9b4a7c980fbb680e5771a0253cde8: ddbbc637f244678f85a3f74fa809ca98c7f37d8f: in 
DEBUG: ran git checkout master in 
DEBUG: ran git reset --hard ddbbc637f244678f85a3f74fa809ca98c7f37d8f in 
DEBUG: ran clean --force -d . in 
DEBUG: ran git merge 750c10daaca9b4a7c980fbb680e5771a0253cde8 in 
Merged SHA 750c10daaca9b4a7c980fbb680e5771a0253cde8 with commit message 'chore: Promote bdd-spring-1568544845 to version 0.0.1' into base branch master

Showing logs for build [32mcb-kubecd-environment-pr-5492-3-1[0m stage [32mmeta-pipeline[0m and container [32mstep-merge-pull-refs[0m
DEBUG: ran git fetch origin 750c10daaca9b4a7c980fbb680e5771a0253cde8: ddbbc637f244678f85a3f74fa809ca98c7f37d8f: in 
DEBUG: Unshallowed git repo in 
DEBUG: ran git checkout master in 
DEBUG: ran git reset --hard ddbbc637f244678f85a3f74fa809ca98c7f37d8f in 
DEBUG: ran clean --force -d . in 
DEBUG: ran git merge 750c10daaca9b4a7c980fbb680e5771a0253cde8 in 
Merged SHA 750c10daaca9b4a7c980fbb680e5771a0253cde8 with commit message 'chore: Promote bdd-spring-1568544845 to version 0.0.1' into base branch master

Showing logs for build [32mcb-kubecd-environment-pr-5492-3-1[0m stage [32mmeta-pipeline[0m and container [32mstep-create-effective-pipeline[0m
Deleting and cloning the Jenkins X versions repo
Cloning the Jenkins X versions repo https://github.com/jenkins-x/jenkins-x-versions.git with ref refs/heads/master to /builder/home/.**/jenkins-x-versions
selected pack: /builder/home/.**/draft/packs/github.com/jenkins-x-buildpacks/jenkins-x-kubernetes/packs/environment
Effective pipeline written to jenkins-x-promotion-build-effective.yml

Showing logs for build [32mcb-kubecd-environment-pr-5492-3-1[0m stage [32mmeta-pipeline[0m and container [32mstep-create-tekton-crds[0m
PipelineActivity for cb-kubecd-environment-pr-5492-3-tekton-gkebdd-staging-PR-1-1
Applying changes 
upserted PipelineResource cb-kubecd-environment-pr-5492-3 for the git repository https://github.com/cb-kubecd/environment-pr-5492-3-tekton-gkebdd-staging.git
upserted Task cb-kubecd-environment-pr-5492-3-from-build-pack-1
upserted Pipeline cb-kubecd-environment-pr-5492-3-1
created PipelineRun cb-kubecd-environment-pr-5492-3-1
created PipelineStructure cb-kubecd-environment-pr-5492-3-1

Showing logs for build [32mcb-kubecd-environment-pr-5492-3-1[0m stage [32mfrom-build-pack[0m and container [32mstep-credential-initializer-wm6j9[0m
{"level":"warn","ts":1568545127.8191545,"logger":"fallback-logger","caller":"logging/config.go:69","msg":"Fetch GitHub commit ID from kodata failed: \"ref: refs/heads/master\" is not a valid GitHub commit ID"}
{"level":"info","ts":1568545127.8198009,"logger":"fallback-logger","caller":"creds-init/main.go:40","msg":"Credentials initialized."}

Showing logs for build [32mcb-kubecd-environment-pr-5492-3-1[0m stage [32mfrom-build-pack[0m and container [32mstep-working-dir-initializer-8hq8t[0m
{"level":"warn","ts":1568545128.7739859,"logger":"fallback-logger","caller":"logging/config.go:69","msg":"Fetch GitHub commit ID from kodata failed: open /var/run/ko/HEAD: no such file or directory"}
{"level":"info","ts":1568545128.7754433,"logger":"fallback-logger","caller":"bash/main.go:65","msg":"Successfully executed command \"mkdir -p /workspace/source /workspace/source/env\""}

Showing logs for build [32mcb-kubecd-environment-pr-5492-3-1[0m stage [32mfrom-build-pack[0m and container [32mstep-place-tools[0m

Showing logs for build [32mcb-kubecd-environment-pr-5492-3-1[0m stage [32mfrom-build-pack[0m and container [32mstep-git-source-cb-kubecd-environment-pr-5492-3-26jtk[0m
{"level":"warn","ts":1568545192.698208,"logger":"fallback-logger","caller":"logging/config.go:69","msg":"Fetch GitHub commit ID from kodata failed: \"ref: refs/heads/master\" is not a valid GitHub commit ID"}
{"level":"info","ts":1568545194.487603,"logger":"fallback-logger","caller":"git/git.go:102","msg":"Successfully cloned https://github.com/cb-kubecd/environment-pr-5492-3-tekton-gkebdd-staging.git @ master in path /workspace/source"}

Showing logs for build [32mcb-kubecd-environment-pr-5492-3-1[0m stage [32mfrom-build-pack[0m and container [32mstep-git-merge[0m
Using SHAs from PULL_REFS=master:ddbbc637f244678f85a3f74fa809ca98c7f37d8f,1:750c10daaca9b4a7c980fbb680e5771a0253cde8
DEBUG: ran git fetch origin 750c10daaca9b4a7c980fbb680e5771a0253cde8: ddbbc637f244678f85a3f74fa809ca98c7f37d8f: in 
DEBUG: Unshallowed git repo in 
DEBUG: ran git checkout master in 
DEBUG: ran git reset --hard ddbbc637f244678f85a3f74fa809ca98c7f37d8f in 
DEBUG: ran clean --force -d . in 
DEBUG: ran git merge 750c10daaca9b4a7c980fbb680e5771a0253cde8 in 
Merged SHA 750c10daaca9b4a7c980fbb680e5771a0253cde8 with commit message 'chore: Promote bdd-spring-1568544845 to version 0.0.1' into base branch master

Showing logs for build [32mcb-kubecd-environment-pr-5492-3-1[0m stage [32mfrom-build-pack[0m and container [32mstep-build-helm-build[0m
WARNING: No $CHART_REPOSITORY defined so using the default value of: http://jenkins-x-chartmuseum:8080
Adding missing Helm repo: storage.googleapis.com https://storage.googleapis.com/chartmuseum.jenkins-x.io
Successfully added Helm repository storage.googleapis.com.
Adding missing Helm repo: jenkins-x-chartmuseum http://jenkins-x-chartmuseum:8080
Successfully added Helm repository jenkins-x-chartmuseum.
WARNING: No $CHART_REPOSITORY defined so using the default value of: http://jenkins-x-chartmuseum:8080
Adding missing Helm repo: chartmuseum.jenkins-x.io http://chartmuseum.jenkins-x.io
Successfully added Helm repository chartmuseum.jenkins-x.io.
