
Showing logs for build [32mcb-kubecd-environment-pr-5492-3-75vbf-1[0m stage [32mmeta-pipeline[0m and container [32mstep-credential-initializer-hv5xq[0m
{"level":"warn","ts":1568546479.0034666,"logger":"fallback-logger","caller":"logging/config.go:69","msg":"Fetch GitHub commit ID from kodata failed: \"ref: refs/heads/master\" is not a valid GitHub commit ID"}
{"level":"info","ts":1568546479.0040104,"logger":"fallback-logger","caller":"creds-init/main.go:40","msg":"Credentials initialized."}

Showing logs for build [32mcb-kubecd-environment-pr-5492-3-75vbf-1[0m stage [32mmeta-pipeline[0m and container [32mstep-working-dir-initializer-bzhwb[0m
{"level":"warn","ts":1568546480.3021379,"logger":"fallback-logger","caller":"logging/config.go:69","msg":"Fetch GitHub commit ID from kodata failed: open /var/run/ko/HEAD: no such file or directory"}
{"level":"info","ts":1568546480.3036191,"logger":"fallback-logger","caller":"bash/main.go:65","msg":"Successfully executed command \"mkdir -p /workspace/source\""}

Showing logs for build [32mcb-kubecd-environment-pr-5492-3-75vbf-1[0m stage [32mmeta-pipeline[0m and container [32mstep-place-tools[0m

Showing logs for build [32mcb-kubecd-environment-pr-5492-3-75vbf-1[0m stage [32mmeta-pipeline[0m and container [32mstep-git-source-meta-cb-kubecd-environment-pr-5-xhns5[0m
{"level":"warn","ts":1568546487.4281309,"logger":"fallback-logger","caller":"logging/config.go:69","msg":"Fetch GitHub commit ID from kodata failed: \"ref: refs/heads/master\" is not a valid GitHub commit ID"}
{"level":"error","ts":1568546487.7859714,"logger":"fallback-logger","caller":"git/git.go:35","msg":"Error running git [fetch --depth=1 --recurse-submodules=yes origin fa5c58402febdb63f67814a43f496284e40bf119]: exit status 128\nerror: Server does not allow request for unadvertised object fa5c58402febdb63f67814a43f496284e40bf119\n","stacktrace":"github.com/tektoncd/pipeline/pkg/git.run\n\t/workspace/go/src/github.com/tektoncd/pipeline/pkg/git/git.go:35\ngithub.com/tektoncd/pipeline/pkg/git.Fetch\n\t/workspace/go/src/github.com/tektoncd/pipeline/pkg/git/git.go:88\nmain.main\n\t/workspace/go/src/github.com/tektoncd/pipeline/cmd/git-init/main.go:36\nruntime.main\n\t/usr/local/go/src/runtime/proc.go:200"}
{"level":"error","ts":1568546488.7030904,"logger":"fallback-logger","caller":"git/git.go:35","msg":"Error running git [pull --recurse-submodules=yes origin]: exit status 1\nFrom https://github.com/cb-kubecd/environment-pr-5492-3-tekton-gkebdd-staging\n * [new branch]      gh-pages   -> origin/gh-pages\n * [new branch]      master     -> origin/master\nYou asked to pull from the remote 'origin', but did not specify\na branch. Because this is not the default configured remote\nfor your current branch, you must specify a branch on the command line.\n","stacktrace":"github.com/tektoncd/pipeline/pkg/git.run\n\t/workspace/go/src/github.com/tektoncd/pipeline/pkg/git/git.go:35\ngithub.com/tektoncd/pipeline/pkg/git.Fetch\n\t/workspace/go/src/github.com/tektoncd/pipeline/pkg/git/git.go:91\nmain.main\n\t/workspace/go/src/github.com/tektoncd/pipeline/cmd/git-init/main.go:36\nruntime.main\n\t/usr/local/go/src/runtime/proc.go:200"}
{"level":"warn","ts":1568546488.7031806,"logger":"fallback-logger","caller":"git/git.go:92","msg":"Failed to pull origin : exit status 1"}
{"level":"info","ts":1568546488.708371,"logger":"fallback-logger","caller":"git/git.go:102","msg":"Successfully cloned https://github.com/cb-kubecd/environment-pr-5492-3-tekton-gkebdd-staging.git @ fa5c58402febdb63f67814a43f496284e40bf119 in path /workspace/source"}

Showing logs for build [32mcb-kubecd-environment-pr-5492-3-75vbf-1[0m stage [32mmeta-pipeline[0m and container [32mstep-git-merge[0m
Using SHAs from PULL_REFS=master:fa5c58402febdb63f67814a43f496284e40bf119,3:43442058224d5da87c5c6a0125d08e820cf4c4ad
DEBUG: ran git fetch origin 43442058224d5da87c5c6a0125d08e820cf4c4ad: fa5c58402febdb63f67814a43f496284e40bf119: in 
DEBUG: Unshallowed git repo in 
DEBUG: ran git checkout master in 
DEBUG: ran git reset --hard fa5c58402febdb63f67814a43f496284e40bf119 in 
DEBUG: ran clean --force -d . in 
DEBUG: ran git merge 43442058224d5da87c5c6a0125d08e820cf4c4ad in 
Merged SHA 43442058224d5da87c5c6a0125d08e820cf4c4ad with commit message 'chore: Promote bdd-ghf**y-1568545731 to version 0.0.1' into base branch master

Showing logs for build [32mcb-kubecd-environment-pr-5492-3-75vbf-1[0m stage [32mmeta-pipeline[0m and container [32mstep-merge-pull-refs[0m
DEBUG: ran git fetch origin 43442058224d5da87c5c6a0125d08e820cf4c4ad: fa5c58402febdb63f67814a43f496284e40bf119: in 
DEBUG: Unshallowed git repo in 
DEBUG: ran git checkout master in 
DEBUG: ran git reset --hard fa5c58402febdb63f67814a43f496284e40bf119 in 
DEBUG: ran clean --force -d . in 
DEBUG: ran git merge 43442058224d5da87c5c6a0125d08e820cf4c4ad in 
Merged SHA 43442058224d5da87c5c6a0125d08e820cf4c4ad with commit message 'chore: Promote bdd-ghf**y-1568545731 to version 0.0.1' into base branch master

Showing logs for build [32mcb-kubecd-environment-pr-5492-3-75vbf-1[0m stage [32mmeta-pipeline[0m and container [32mstep-create-effective-pipeline[0m
Deleting and cloning the Jenkins X versions repo
Cloning the Jenkins X versions repo https://github.com/jenkins-x/jenkins-x-versions.git with ref refs/heads/master to /builder/home/.**/jenkins-x-versions
selected pack: /builder/home/.**/draft/packs/github.com/jenkins-x-buildpacks/jenkins-x-kubernetes/packs/environment
Effective pipeline written to jenkins-x-promotion-build-effective.yml

Showing logs for build [32mcb-kubecd-environment-pr-5492-3-75vbf-1[0m stage [32mmeta-pipeline[0m and container [32mstep-create-tekton-crds[0m
PipelineActivity for cb-kubecd-environment-pr-5492-3-tekton-gkebdd-staging-PR-3-1
Applying changes 
upserted PipelineResource cb-kubecd-environment-pr-5492-3 for the git repository https://github.com/cb-kubecd/environment-pr-5492-3-tekton-gkebdd-staging.git
upserted Task cb-kubecd-environment-pr-5492-3-75vbf-from-build-pack-1
upserted Pipeline cb-kubecd-environment-pr-5492-3-75vbf-1
created PipelineRun cb-kubecd-environment-pr-5492-3-75vbf-1
created PipelineStructure cb-kubecd-environment-pr-5492-3-75vbf-1

Showing logs for build [32mcb-kubecd-environment-pr-5492-3-75vbf-1[0m stage [32mfrom-build-pack[0m and container [32mstep-credential-initializer-b858g[0m
{"level":"warn","ts":1568546506.51618,"logger":"fallback-logger","caller":"logging/config.go:69","msg":"Fetch GitHub commit ID from kodata failed: \"ref: refs/heads/master\" is not a valid GitHub commit ID"}
{"level":"info","ts":1568546506.5178747,"logger":"fallback-logger","caller":"creds-init/main.go:40","msg":"Credentials initialized."}

Showing logs for build [32mcb-kubecd-environment-pr-5492-3-75vbf-1[0m stage [32mfrom-build-pack[0m and container [32mstep-working-dir-initializer-xmccj[0m
{"level":"warn","ts":1568546507.3793392,"logger":"fallback-logger","caller":"logging/config.go:69","msg":"Fetch GitHub commit ID from kodata failed: open /var/run/ko/HEAD: no such file or directory"}
{"level":"info","ts":1568546507.3807545,"logger":"fallback-logger","caller":"bash/main.go:65","msg":"Successfully executed command \"mkdir -p /workspace/source /workspace/source/env\""}

Showing logs for build [32mcb-kubecd-environment-pr-5492-3-75vbf-1[0m stage [32mfrom-build-pack[0m and container [32mstep-place-tools[0m

Showing logs for build [32mcb-kubecd-environment-pr-5492-3-75vbf-1[0m stage [32mfrom-build-pack[0m and container [32mstep-git-source-cb-kubecd-environment-pr-5492-3-wtckp[0m
{"level":"warn","ts":1568546512.4939191,"logger":"fallback-logger","caller":"logging/config.go:69","msg":"Fetch GitHub commit ID from kodata failed: \"ref: refs/heads/master\" is not a valid GitHub commit ID"}
{"level":"info","ts":1568546513.6992712,"logger":"fallback-logger","caller":"git/git.go:102","msg":"Successfully cloned https://github.com/cb-kubecd/environment-pr-5492-3-tekton-gkebdd-staging.git @ master in path /workspace/source"}

Showing logs for build [32mcb-kubecd-environment-pr-5492-3-75vbf-1[0m stage [32mfrom-build-pack[0m and container [32mstep-git-merge[0m
Using SHAs from PULL_REFS=master:fa5c58402febdb63f67814a43f496284e40bf119,3:43442058224d5da87c5c6a0125d08e820cf4c4ad
DEBUG: ran git fetch origin 43442058224d5da87c5c6a0125d08e820cf4c4ad: fa5c58402febdb63f67814a43f496284e40bf119: in 
DEBUG: Unshallowed git repo in 
DEBUG: ran git checkout master in 
DEBUG: ran git reset --hard fa5c58402febdb63f67814a43f496284e40bf119 in 
DEBUG: ran clean --force -d . in 
DEBUG: ran git merge 43442058224d5da87c5c6a0125d08e820cf4c4ad in 
Merged SHA 43442058224d5da87c5c6a0125d08e820cf4c4ad with commit message 'chore: Promote bdd-ghf**y-1568545731 to version 0.0.1' into base branch master

Showing logs for build [32mcb-kubecd-environment-pr-5492-3-75vbf-1[0m stage [32mfrom-build-pack[0m and container [32mstep-build-helm-build[0m
WARNING: No $CHART_REPOSITORY defined so using the default value of: http://jenkins-x-chartmuseum:8080
Adding missing Helm repo: storage.googleapis.com https://storage.googleapis.com/chartmuseum.jenkins-x.io
Successfully added Helm repository storage.googleapis.com.
Adding missing Helm repo: jenkins-x-chartmuseum http://jenkins-x-chartmuseum:8080
Successfully added Helm repository jenkins-x-chartmuseum.
WARNING: No $CHART_REPOSITORY defined so using the default value of: http://jenkins-x-chartmuseum:8080
Adding missing Helm repo: chartmuseum.jenkins-x.io http://chartmuseum.jenkins-x.io
Successfully added Helm repository chartmuseum.jenkins-x.io.
